android/app/build/intermediates/manifest_merge_blame_file/debug/manifest-merger-blame-debug-report.txt
1<?xml version="1.0" encoding="utf-8"?>
2<manifest xmlns:android="http://schemas.android.com/apk/res/android"
3    package="org.tensorflow.lite.examples.classification"
4    android:versionCode="1"
5    android:versionName="1.0" >
6
7    <uses-sdk
7-->src\main\AndroidManifest.xml:5:5-17
8        android:minSdkVersion="21"
8-->src\main\AndroidManifest.xml:5:5-17
9        android:targetSdkVersion="28" />
9-->src\main\AndroidManifest.xml:5:5-17
10
11    <uses-permission android:name="android.permission.CAMERA" />
11-->src\main\AndroidManifest.xml:7:5-65
11-->src\main\AndroidManifest.xml:7:22-62
12    <uses-permission android:name="android.permission.INTERNET" />
12-->src\main\AndroidManifest.xml:8:5-67
12-->src\main\AndroidManifest.xml:8:22-64
13
14    <uses-feature android:name="android.hardware.camera" />
14-->src\main\AndroidManifest.xml:10:5-60
14-->src\main\AndroidManifest.xml:10:19-57
15    <uses-feature android:name="android.hardware.camera.autofocus" />
15-->src\main\AndroidManifest.xml:11:5-70
15-->src\main\AndroidManifest.xml:11:19-67
16
17    <application
17-->src\main\AndroidManifest.xml:13:5-32:19
18        android:allowBackup="true"
18-->src\main\AndroidManifest.xml:14:9-35
19        android:appComponentFactory="androidx.core.app.CoreComponentFactory"
19-->[androidx.core:core:1.0.0] AndroidManifest.xml:22:18-86
20        android:debuggable="true"
21        android:icon="@drawable/icon"
21-->src\main\AndroidManifest.xml:15:9-38
22        android:label="@string/app_name"
22-->src\main\AndroidManifest.xml:16:9-41
23        android:networkSecurityConfig="@xml/networksecurity"
23-->src\main\AndroidManifest.xml:17:9-61
24        android:roundIcon="@drawable/icon"
24-->src\main\AndroidManifest.xml:18:9-43
25        android:supportsRtl="true"
25-->src\main\AndroidManifest.xml:19:9-35
26        android:theme="@style/AppTheme" >
26-->src\main\AndroidManifest.xml:20:9-40
27        <activity android:name="org.tensorflow.lite.examples.classification.mainAction" />
27-->src\main\AndroidManifest.xml:21:9-57
27-->src\main\AndroidManifest.xml:21:19-45
28        <activity
28-->src\main\AndroidManifest.xml:22:9-31:20
29            android:name="org.tensorflow.lite.examples.classification.ClassifierActivity"
29-->src\main\AndroidManifest.xml:23:13-47
30            android:label="@string/activity_name_classification"
30-->src\main\AndroidManifest.xml:24:13-65
31            android:screenOrientation="portrait" >
31-->src\main\AndroidManifest.xml:25:13-49
32            <intent-filter>
32-->src\main\AndroidManifest.xml:26:13-30:29
33                <action android:name="android.intent.action.MAIN" />
33-->src\main\AndroidManifest.xml:27:17-69
33-->src\main\AndroidManifest.xml:27:25-66
34
35                <category android:name="android.intent.category.LAUNCHER" />
35-->src\main\AndroidManifest.xml:29:17-77
35-->src\main\AndroidManifest.xml:29:27-74
36            </intent-filter>
37        </activity>
38    </application>
39
40</manifest>